Renderer info: Intel(R) UHD Graphics 630 version 4.6.0 - Build 26.20.100.7926 from Intel
Depth buffer bits: 24
Multisampling enabled
Adding file system path C:\Users\jaker\Desktop\QuakeDev\trenchbroom\defaults\assets
Adding file system path C:\Users\jaker\Desktop\QuakeDev\trenchbroom\defaults\assets
Adding file system path C:\Users\jaker\Desktop\QuakeDev\id1
Adding file system package PAK0.PAK
Adding file system package PAK1.PAK
Loading document from C:\Users\jaker\Desktop\Vindication_Quake_Map\Id1\maps\Vindicator.map
Loaded entity definition file Quake.fgd
Loading palette file gfx\palette.lmp
Loaded texture collection 'C:\Users\jaker\Desktop\QuakeDev\wads\id1.wad'
Loaded texture collection 'C:\Users\jaker\Desktop\QuakeDev\wads\prototype_1_2.wad'
Saved C:\Users\jaker\Desktop\Vindication_Quake_Map\Id1\maps\Vindicator.map
Saved C:\Users\jaker\Desktop\Vindication_Quake_Map\Id1\maps\Vindicator.map
Saved C:\Users\jaker\Desktop\Vindication_Quake_Map\Id1\maps\Vindicator.map
Saved C:\Users\jaker\Desktop\Vindication_Quake_Map\Id1\maps\Vindicator.map
Created autosave backup at C:\Users\jaker\Desktop\Vindication_Quake_Map\Id1\maps\autosave\Vindicator.40.map
Saved C:\Users\jaker\Desktop\Vindication_Quake_Map\Id1\maps\Vindicator.map
Saved C:\Users\jaker\Desktop\Vindication_Quake_Map\Id1\maps\Vindicator.map
Saved C:\Users\jaker\Desktop\Vindication_Quake_Map\Id1\maps\Vindicator.map
Saved C:\Users\jaker\Desktop\Vindication_Quake_Map\Id1\maps\Vindicator.map
Created autosave backup at C:\Users\jaker\Desktop\Vindication_Quake_Map\Id1\maps\autosave\Vindicator.41.map
Saved C:\Users\jaker\Desktop\Vindication_Quake_Map\Id1\maps\Vindicator.map
Created autosave backup at C:\Users\jaker\Desktop\Vindication_Quake_Map\Id1\maps\autosave\Vindicator.42.map
Saved C:\Users\jaker\Desktop\Vindication_Quake_Map\Id1\maps\Vindicator.map
Saved C:\Users\jaker\Desktop\Vindication_Quake_Map\Id1\maps\Vindicator.map
Saved C:\Users\jaker\Desktop\Vindication_Quake_Map\Id1\maps\Vindicator.map
Created autosave backup at C:\Users\jaker\Desktop\Vindication_Quake_Map\Id1\maps\autosave\Vindicator.43.map
Saved C:\Users\jaker\Desktop\Vindication_Quake_Map\Id1\maps\Vindicator.map
Saved C:\Users\jaker\Desktop\Vindication_Quake_Map\Id1\maps\Vindicator.map
Saved C:\Users\jaker\Desktop\Vindication_Quake_Map\Id1\maps\Vindicator.map
Created autosave backup at C:\Users\jaker\Desktop\Vindication_Quake_Map\Id1\maps\autosave\Vindicator.44.map
Saved C:\Users\jaker\Desktop\Vindication_Quake_Map\Id1\maps\Vindicator.map
Saved C:\Users\jaker\Desktop\Vindication_Quake_Map\Id1\maps\Vindicator.map
Created autosave backup at C:\Users\jaker\Desktop\Vindication_Quake_Map\Id1\maps\autosave\Vindicator.45.map
Saved C:\Users\jaker\Desktop\Vindication_Quake_Map\Id1\maps\Vindicator.map
Created autosave backup at C:\Users\jaker\Desktop\Vindication_Quake_Map\Id1\maps\autosave\Vindicator.46.map
Saved C:\Users\jaker\Desktop\Vindication_Quake_Map\Id1\maps\Vindicator.map
Saved C:\Users\jaker\Desktop\Vindication_Quake_Map\Id1\maps\Vindicator.map
Saved C:\Users\jaker\Desktop\Vindication_Quake_Map\Id1\maps\Vindicator.map
Saved C:\Users\jaker\Desktop\Vindication_Quake_Map\Id1\maps\Vindicator.map
Saved C:\Users\jaker\Desktop\Vindication_Quake_Map\Id1\maps\Vindicator.map
Saved C:\Users\jaker\Desktop\Vindication_Quake_Map\Id1\maps\Vindicator.map
Created autosave backup at C:\Users\jaker\Desktop\Vindication_Quake_Map\Id1\maps\autosave\Vindicator.47.map
Saved C:\Users\jaker\Desktop\Vindication_Quake_Map\Id1\maps\Vindicator.map
Saved C:\Users\jaker\Desktop\Vindication_Quake_Map\Id1\maps\Vindicator.map
Saved C:\Users\jaker\Desktop\Vindication_Quake_Map\Id1\maps\Vindicator.map
Saved C:\Users\jaker\Desktop\Vindication_Quake_Map\Id1\maps\Vindicator.map
Saved C:\Users\jaker\Desktop\Vindication_Quake_Map\Id1\maps\Vindicator.map
Created autosave backup at C:\Users\jaker\Desktop\Vindication_Quake_Map\Id1\maps\autosave\Vindicator.48.map
Saved C:\Users\jaker\Desktop\Vindication_Quake_Map\Id1\maps\Vindicator.map
Saved C:\Users\jaker\Desktop\Vindication_Quake_Map\Id1\maps\Vindicator.map
Saved C:\Users\jaker\Desktop\Vindication_Quake_Map\Id1\maps\Vindicator.map
Saved C:\Users\jaker\Desktop\Vindication_Quake_Map\Id1\maps\Vindicator.map
Saved C:\Users\jaker\Desktop\Vindication_Quake_Map\Id1\maps\Vindicator.map
Created autosave backup at C:\Users\jaker\Desktop\Vindication_Quake_Map\Id1\maps\autosave\Vindicator.49.map
Saved C:\Users\jaker\Desktop\Vindication_Quake_Map\Id1\maps\Vindicator.map
Saved C:\Users\jaker\Desktop\Vindication_Quake_Map\Id1\maps\Vindicator.map
Saved C:\Users\jaker\Desktop\Vindication_Quake_Map\Id1\maps\Vindicator.map
Saved C:\Users\jaker\Desktop\Vindication_Quake_Map\Id1\maps\Vindicator.map
Created autosave backup at C:\Users\jaker\Desktop\Vindication_Quake_Map\Id1\maps\autosave\Vindicator.50.map
Saved C:\Users\jaker\Desktop\Vindication_Quake_Map\Id1\maps\Vindicator.map
Saved C:\Users\jaker\Desktop\Vindication_Quake_Map\Id1\maps\Vindicator.map
Created autosave backup at C:\Users\jaker\Desktop\Vindication_Quake_Map\Id1\maps\autosave\Vindicator.50.map
Saved C:\Users\jaker\Desktop\Vindication_Quake_Map\Id1\maps\Vindicator.map
Saved C:\Users\jaker\Desktop\Vindication_Quake_Map\Id1\maps\Vindicator.map
Created autosave backup at C:\Users\jaker\Desktop\Vindication_Quake_Map\Id1\maps\autosave\Vindicator.50.map
Saved C:\Users\jaker\Desktop\Vindication_Quake_Map\Id1\maps\Vindicator.map
Saved C:\Users\jaker\Desktop\Vindication_Quake_Map\Id1\maps\Vindicator.map
Saved C:\Users\jaker\Desktop\Vindication_Quake_Map\Id1\maps\Vindicator.map
Saved C:\Users\jaker\Desktop\Vindication_Quake_Map\Id1\maps\Vindicator.map
Saved C:\Users\jaker\Desktop\Vindication_Quake_Map\Id1\maps\Vindicator.map
Saved C:\Users\jaker\Desktop\Vindication_Quake_Map\Id1\maps\Vindicator.map
Saved C:\Users\jaker\Desktop\Vindication_Quake_Map\Id1\maps\Vindicator.map
Created autosave backup at C:\Users\jaker\Desktop\Vindication_Quake_Map\Id1\maps\autosave\Vindicator.50.map
Saved C:\Users\jaker\Desktop\Vindication_Quake_Map\Id1\maps\Vindicator.map
Saved C:\Users\jaker\Desktop\Vindication_Quake_Map\Id1\maps\Vindicator.map
Saved C:\Users\jaker\Desktop\Vindication_Quake_Map\Id1\maps\Vindicator.map
Saved C:\Users\jaker\Desktop\Vindication_Quake_Map\Id1\maps\Vindicator.map
Saved C:\Users\jaker\Desktop\Vindication_Quake_Map\Id1\maps\Vindicator.map
Saved C:\Users\jaker\Desktop\Vindication_Quake_Map\Id1\maps\Vindicator.map
Saved C:\Users\jaker\Desktop\Vindication_Quake_Map\Id1\maps\Vindicator.map
Created autosave backup at C:\Users\jaker\Desktop\Vindication_Quake_Map\Id1\maps\autosave\Vindicator.50.map
Saved C:\Users\jaker\Desktop\Vindication_Quake_Map\Id1\maps\Vindicator.map
Saved C:\Users\jaker\Desktop\Vindication_Quake_Map\Id1\maps\Vindicator.map
Saved C:\Users\jaker\Desktop\Vindication_Quake_Map\Id1\maps\Vindicator.map
Saved C:\Users\jaker\Desktop\Vindication_Quake_Map\Id1\maps\Vindicator.map
Saved C:\Users\jaker\Desktop\Vindication_Quake_Map\Id1\maps\Vindicator.map
Saved C:\Users\jaker\Desktop\Vindication_Quake_Map\Id1\maps\Vindicator.map
Created autosave backup at C:\Users\jaker\Desktop\Vindication_Quake_Map\Id1\maps\autosave\Vindicator.50.map
Saved C:\Users\jaker\Desktop\Vindication_Quake_Map\Id1\maps\Vindicator.map
Saved C:\Users\jaker\Desktop\Vindication_Quake_Map\Id1\maps\Vindicator.map
Saved C:\Users\jaker\Desktop\Vindication_Quake_Map\Id1\maps\Vindicator.map
Saved C:\Users\jaker\Desktop\Vindication_Quake_Map\Id1\maps\Vindicator.map
Saved C:\Users\jaker\Desktop\Vindication_Quake_Map\Id1\maps\Vindicator.map
Created autosave backup at C:\Users\jaker\Desktop\Vindication_Quake_Map\Id1\maps\autosave\Vindicator.50.map
Saved C:\Users\jaker\Desktop\Vindication_Quake_Map\Id1\maps\Vindicator.map
Saved C:\Users\jaker\Desktop\Vindication_Quake_Map\Id1\maps\Vindicator.map
Created autosave backup at C:\Users\jaker\Desktop\Vindication_Quake_Map\Id1\maps\autosave\Vindicator.50.map
Saved C:\Users\jaker\Desktop\Vindication_Quake_Map\Id1\maps\Vindicator.map
Saved C:\Users\jaker\Desktop\Vindication_Quake_Map\Id1\maps\Vindicator.map
Saved C:\Users\jaker\Desktop\Vindication_Quake_Map\Id1\maps\Vindicator.map
