---- light / ericw-tools v0.18.1 ----
Raytracing backend: Embree
running with 16 threads
LoadBSPFile: 'Box.bsp'
BSP is version 29
--- LoadEntities ---
6 entities read, 3 are lights.
--- OptionsSummary ---
Embree_TraceInit: Embree version: 2.15.0
Embree_TraceInit:
	0 sky faces
	30 solid faces
	0 filtered faces
	0 shadow-casting skip faces
SetupLights: 3 initial lights
SetupLights: 3 after surface lights
SetupLights: 3 after jittering
--- EstimateLightVisibility ---
0....1....2....3....4....5....6...
Final count: 3 lights 0 suns in use.
--- LightWorld ---
0....1....2....3....4....5....6....7....8....9...
Lighting Completed.

lightdatasize: 2112
0 switchable light styles (32 max)
Writing Box.bsp as BSP version 29
0.060 seconds elapsed

stats:
2.249371 lights tested, 1.786253 hits per sample point
0.000000 bounce lights tested, 0.000000 hits per sample point
0 empty lightmaps
